Notebook: 04_Covariant_Ratio_Second_Variation.nb
q1 = (di1*i0 - di0*i1)/i0^2
q1Expected = (di1*i0 - di0*i1)/i0^2
checkA = True
q2 = (-2*di0*di1*i0 + 2*di0^2*i1 + i0*(d2i1*i0 - d2i0*i1))/i0^3
q2Expected = (-2*di0*di1*i0 + 2*di0^2*i1 + i0*(d2i1*i0 - d2i0*i1))/i0^3
checkB = True
q1Branch = (di1 - di0*q)/i0
q1BranchExpected = (di1 - di0*q)/i0
checkC = True
q2Branch = (-2*di0*di1 + 2*di0^2*q + i0*(d2i1 - d2i0*q))/i0^2
q2BranchExpected = (-2*di0*di1 + 2*di0^2*q + i0*(d2i1 - d2i0*q))/i0^2
checkD = True
q1Vals(L={10,20,40}) = {0.0002831168831168831168831168831168831168831168831168831169`30., 0.0000353896103896103896103896103896103896103896103896103895`30., 4.4237012987012987012987012987012987012987012987012987`30.*^-6}
q2Vals(L={10,20,40}) = {0.0002642826633683776540919398062255205112347969490826633683`30., 0.0000330530277262420119562976705833848690991548134405277261`30., 4.1319049471114203257060399917542774685631828488971346`30.*^-6}
ratioQ1 = {7.9999999999999999999999999999999999999999996030798295921158`29.69897000433602, 8.`29.69897000433602}
ratioQ2 = {7.9957172322387261026727617264506047647584408215498881304857`29.69897000433602, 7.9994646898518570870406836784456174205138827739335299159133`29.69897000433602}
checkNumA = True
checkNumB = True
checkNumC = True
checkNumD = True
check = True
