Notebook: 07_Spin_Projector_Quadratic_Operator.nb
checkA(P2*P2=P2) = True
checkB(P1*P1=P1) = True
checkC(P0s*P0s=P0s) = True
checkD(P0w*P0w=P0w) = True
checkE(P2*P1=0) = True
checkF(P2*P0s=0) = True
checkG(P1*P0s=0) = True
checkH(P0sw*P0ws=P0s) = True
checkI(P0ws*P0sw=P0w) = True
checkJ(completeness) = True
checkK(no tensor-scalar mixing in isotropic Op) = True
checkL(P2 O P2 = c2 P2) = True
traceKscalar = cs + cw
detKscalar = -cm^2 + cs*cw
checkM(det formula) = True
traceIR = ((cs0 + cw0)*i0 + ns + nw)/i0
detIR = (-(cm0*i0 + nm)^2 + (cs0*i0 + ns)*(cw0*i0 + nw))/i0^2
c2IR = c20 + n2/i0
traceIRInf = cs0 + cw0
detIRInf = -cm0^2 + cs0*cw0
c2IRInf = c20
checkN = True
checkO = True
checkP = True
scalarVals(L={10,20,40}) = {{{0.8005`30., 0.10005`30.}, {0.10005`30., 1.1997999999999999999999999999999999999999999999999999999999`30.}}, {{0.8000624999999999999999999999999999999999999999999999999999`30., 0.10000625`30.}, {0.10000625`30., 1.1999749999999999999999999999999999999999999999999999999999`30.}}, {{0.8000078124999999999999999999999999999999999999999999999999`30., 0.1000007812499999999999999999999999999999999999999999999999`30.}, {0.1000007812499999999999999999999999999999999999999999999999`30., 1.1999968749999999999999999999999999999999999999999999999999`30.}}}
scalarEigVals = {{1.2234661995915209013791763114138593504483299734419135344624`30., 0.7768338004084790986208236885861406495516700265580864655373`30.}, {1.2235892130605863373739340865515223218305405137707825119371`30., 0.7764482869394136626260659134484776781694594862292174880627`30.}, {1.2236045995090096811610963044709252365110009861208289932524`30., 0.7764000879909903188389036955290747634889990138791710067476`30.}}
tensorVals(L={10,20,40}) = {1.0003333333333333333333333333333333333333333333333333333332`30., 1.0000416666666666666666666666666666666666666666666666666666`30., 1.0000052083333333333333333333333333333333333333333333333333`30.}
scalarErr = {0.0004999999999999999999999999999999999999999999999999999999`26.494714325855867, 0.0000624999999999999999999999999999999999999999999999999998`25.59174307039128, 7.8124999999999999999999999999999999999999999999999999`24.68866792712286*^-6}
scalarErrRatios = {8.`25.540577353948898, 8.`24.63751375534781}
tensorErr = {0.0003333333333333333333333333333333333333333333333333333332`26.52273400457515, 0.0000416666666666666666666666666666666666666666666666666666`25.619770663061967, 5.2083333333333333333333333333333333333333333333333333`24.716696509351912*^-6}
tensorErrRatios = {8.`25.56860406707082, 8.`24.66554222762248}
checkNumA = True
checkNumB = True
checkNumC = True
check = True
