Notebook: 08_Covariant_To_Spin_Coefficients_Map.nb
q2Expr = (-2*(at*ht + av*hv + as*xs + aw*xw)*(bt*ht + bv*hv + bs*xs + bw*xw - q*(at*ht + av*hv + as*xs + aw*xw)) + i0*(B2*ht^2 + B1*hv^2 + Bs*xs^2 + 2*Bm*xs*xw + Bw*xw^2 - q*(A2*ht^2 + A1*hv^2 + As*xs^2 + 2*Am*xs*xw + Aw*xw^2)))/i0^2
c2 = (-2*at*bt + 2*at^2*q + i0*(B2 - A2*q))/i0^2
c2Expected = (-2*at*bt + 2*at^2*q + i0*(B2 - A2*q))/i0^2
checkA = True
c1 = (-2*av*bv + 2*av^2*q + i0*(B1 - A1*q))/i0^2
c1Expected = (-2*av*bv + 2*av^2*q + i0*(B1 - A1*q))/i0^2
checkB = True
cs = (-2*as*bs + 2*as^2*q + i0*(Bs - As*q))/i0^2
csExpected = (-2*as*bs + 2*as^2*q + i0*(Bs - As*q))/i0^2
checkC = True
cw = (-2*aw*bw + 2*aw^2*q + i0*(Bw - Aw*q))/i0^2
cwExpected = (-2*aw*bw + 2*aw^2*q + i0*(Bw - Aw*q))/i0^2
checkD = True
cm = -((aw*bs + as*bw - Bm*i0 - 2*as*aw*q + Am*i0*q)/i0^2)
cmExpected = -((aw*bs + as*bw - Bm*i0 - 2*as*aw*q + Am*i0*q)/i0^2)
checkE = True
detKscalar = -((2*as*i0*(-(Bm*bw) + bs*Bw - Aw*bs*q + Am*bw*q) + aw^2*(bs^2 + 2*i0*q*(-Bs + As*q)) + as^2*(bw^2 + 2*i0*q*(-Bw + Aw*q)) - 2*aw*(as*bs*bw + 2*as*i0*q*(-Bm + Am*q) + i0*(Bm*bs - Bs*bw - Am*bs*q + As*bw*q)) + i0^2*(Bm^2 - Bs*Bw - 2*Am*Bm*q + q*(As*Bw + Am^2*q + Aw*(Bs - As*q))))/i0^4)
detExpected = (-(as*bw - Bm*i0 + Am*i0*q + aw*(bs - 2*as*q))^2 + (-2*as*bs + 2*as^2*q + i0*(Bs - As*q))*(-2*aw*bw + 2*aw^2*q + i0*(Bw - Aw*q)))/i0^4
checkF = True
c2Lead = B2 - A2*q
c1Lead = B1 - A1*q
csLead = Bs - As*q
cwLead = Bw - Aw*q
cmLead = Bm - Am*q
checkG = True
checkH = True
checkI = True
checkJ = True
checkK = True
c2Vals(L={10,20,40}) = {0.0004999687499999999999999999999999999999999999999999999999`30., 0.0000624995117187499999999999999999999999999999999999999999`30., 7.8124923706054687499999999999999999999999999999999999`30.*^-6}
c1Vals(L={10,20,40}) = {0.0005099679999999999999999999999999999999999999999999999999`30., 0.0000637495`30., 7.9687421875`30.*^-6}
csVals(L={10,20,40}) = {0.000429962`30., 0.0000537494062499999999999999999999999999999999999999999999`30., 6.7187407226562499999999999999999999999999999999999999`30.*^-6}
cwVals(L={10,20,40}) = {0.0004932834133333333333333333333333333333333333333333333333`30., 0.0000616658866666666666666666666666666666666666666666666666`30., 7.7083211458333333333333333333333333333333333333333333`30.*^-6}
cmVals(L={10,20,40}) = {0.0002999563999999999999999999999999999999999999999999999998`30., 0.00003749931875`30., 4.6874893554687499999999999999999999999999999999999999`30.*^-6}
Kvals = {{{0.000429962`30., 0.0002999563999999999999999999999999999999999999999999999998`30.}, {0.0002999563999999999999999999999999999999999999999999999998`30., 0.0004932834133333333333333333333333333333333333333333333333`30.}}, {{0.0000537494062499999999999999999999999999999999999999999999`30., 0.00003749931875`30.}, {0.00003749931875`30., 0.0000616658866666666666666666666666666666666666666666666666`30.}}, {{6.7187407226562499999999999999999999999999999999999999`30.*^-6, 4.6874893554687499999999999999999999999999999999999999`30.*^-6}, {4.6874893554687499999999999999999999999999999999999999`30.*^-6, 7.7083211458333333333333333333333333333333333333333333`30.*^-6}}}
eigs = {{0.0007632453885849745131310076726289063181771305595732432414`30., 0.0001600000247483588202023256607044270151562027737600900918`30.}, {0.0000954152925299322375375767029830328342032417070265054171`30., 0.0000200000003867344291290899636836338324634249596401612493`30.}, {0.0000119270618624467771816434756870842859960140667373267778`30., 2.5000000060428061516898576462490473373192665960065557`30.*^-6}}
ratioC2 = {7.9995624965820045469105227384588942101110169506307624717864`29.69897000433602, 7.9999453124465941861271348897801658009431649831776862033471`29.69897000433602}
ratioC1 = {7.9995607808688695597612530294355249845096827443436484627594`29.69897000433602, 7.9999450979853901817550801520393647444752396160521303002924`29.69897000433602}
ratioCs = {7.9993813885153382508295149772003295385239725093186098809255`29.69897000433602, 7.999922674311832261977687323841508211384884978128169990037`29.69897000433602}
ratioCm = {7.9989826481847753567523143337103957388559225864318361517715`29.69897000433602, 7.9998728330445583720179697908063999561999005392500631034737`29.69897000433602}
checkNumA = True
checkNumB = True
checkNumC = True
check = True
