Notebook: 09_Vector_Sector_Full_Stability_Map.nb
detKs = -cm^2 + cs*cw
checkA = True
traceSG = -((-2*cm*gm + cw*gs + cs*gw)/(cm^2 - cs*cw))
traceExpected = (-2*cm*gm + cw*gs + cs*gw)/(-cm^2 + cs*cw)
checkB = True
detSG = (gm^2 - gs*gw)/(cm^2 - cs*cw)
detExpected = (gm^2 - gs*gw)/(cm^2 - cs*cw)
checkC = True
sPlus = (-((-2*cm*gm + cw*gs + cs*gw)/(cm^2 - cs*cw)) + Sqrt[((-2*cm*gm + cw*gs + cs*gw)^2 - 4*(cm^2 - cs*cw)*(gm^2 - gs*gw))/(cm^2 - cs*cw)^2])/2
sMinus = (-((-2*cm*gm + cw*gs + cs*gw)/(cm^2 - cs*cw)) - Sqrt[((-2*cm*gm + cw*gs + cs*gw)^2 - 4*(cm^2 - cs*cw)*(gm^2 - gs*gw))/(cm^2 - cs*cw)^2])/2
checkD(sum rule) = True
checkE(product rule) = True
checkF(dec trace) = True
checkG(dec det) = True
cT2 = g2/c2
cV2 = g1/c1
checkH(channel separation) = True
cT2Inf = g20/c20
cV2Inf = g10/c10
scalarInf = {-1/2*(-2*cm0*gm0 + cw0*gs0 + cs0*gw0 + Sqrt[cw0*(4*cs0*gm0^2 - 4*cm0*gm0*gs0 + cw0*gs0^2) - 2*(2*cm0*cs0*gm0 - 2*cm0^2*gs0 + cs0*cw0*gs0)*gw0 + cs0^2*gw0^2])/(cm0^2 - cs0*cw0), (2*cm0*gm0 - cw0*gs0 - cs0*gw0 + Sqrt[4*cs0*cw0*gm0^2 - 4*cm0*cw0*gm0*gs0 + cw0^2*gs0^2 - 4*cm0*cs0*gm0*gw0 + 4*cm0^2*gs0*gw0 - 2*cs0*cw0*gs0*gw0 + cs0^2*gw0^2])/(2*cm0^2 - 2*cs0*cw0)}
scalarLoc = {-1/2*(-2*cm0*gm0 + cw0*gs0 + cs0*gw0 + Sqrt[cw0*(4*cs0*gm0^2 - 4*cm0*gm0*gs0 + cw0*gs0^2) - 2*(2*cm0*cs0*gm0 - 2*cm0^2*gs0 + cs0*cw0*gs0)*gw0 + cs0^2*gw0^2])/(cm0^2 - cs0*cw0), (2*cm0*gm0 - cw0*gs0 - cs0*gw0 + Sqrt[4*cs0*cw0*gm0^2 - 4*cm0*cw0*gm0*gs0 + cw0^2*gs0^2 - 4*cm0*cs0*gm0*gw0 + 4*cm0^2*gs0*gw0 - 2*cs0*cw0*gs0*gw0 + cs0^2*gw0^2])/(2*cm0^2 - 2*cs0*cw0)}
checkI = True
checkJ = True
checkK = True
cT2Vals(L={10,20,40}) = {0.9995001666111296234588470509830056647784071976007997334222`30., 0.9999375026040581642431565351443689846256405983084038165076`30., 0.9999921875406898922401445825802990609423909250472653788261`30.}
cV2Vals(L={10,20,40}) = {1.0553735073590669258539294640377672868647597889475145792835`30., 1.0555327940002083260997882017985486615048088608034443248497`30., 1.0555527102746949883030021571086931046306222629242060581334`30.}
scalarVals = {{0.7453827336654745944081669496072866414771243205885290785608`30., 0.8861274837178887107166378416316799090448153858572208964241`30.}, {0.7452025473146770777362979619811035899114832804715241578273`30., 0.8863677840208895332091977623419080098110387178363906640467`30.}, {0.7451800191134993408041954975397390697330113825819287323175`30., 0.8863978508633679129556946202148599802967991401213405862593`30.}}
scalarLocNum = {0.7451768007105329569554997788821702241439804728543728718651`30., 0.8864021466578880956760791684862508284875984745140481807665`30.}
detKsVals = {0.9504318983999999999999999999999999999999999999999999999999`30., 0.9500539984125`30., 0.9500067499751953125`30.}
detGsVals = {0.6277641905555555555555555555555555555555555555555555555554`30., 0.6275330212065972222222222222222222222222222222222222222221`30., 0.6275041276099989149305555555555555555555555555555555555555`30.}
cT2Err = {0.0004998333888703765411529490169943352215928023992002665777`26.699042392782207, 0.0000624973959418357568434648556310153743594016915961834923`25.79588906524003, 7.8124593101077598554174197009390576090749527346211737`24.89279116132882*^-6}
cV2Err = {0.0001820481964886297016260915177882686907957666080409762721`26.236780192783282, 0.0000227615553472294557673537570068940507466947521112307059`25.333730204230584, 2.8452808605672525533984468624509249332926313494974222`24.430645217302573*^-6}
scalarErr = {0.0002746629399993849594413268545709194427830886568272843424`26.190206560674717, 0.0000343626369985624668814061443428186765597566776575167198`25.287434107614082, 4.2957945201827203845482713908481907993343927075945072`24.384383757232467*^-6}
ratioT = {7.9976674441852715761412862379206931023`25.74474358017538, 7.99970834548560476646806383067372192825`24.841639518532006}
ratioV = {7.99805609552901971674534851430158289364`25.28257323733025, 7.99975695288358043123502656157772299573`24.37949213928969}
ratioS = {7.99306933315028358641239588042131111869`25.236246292151687, 7.99913423165800351143060551549942856271`24.333226830538624}
checkNumA = True
checkNumB = True
checkNumC = True
checkNumD = True
check = True
