Notebook: 11_Explicit_Metric_Theta_Mode_Dictionary.nb
mu0 = Sqrt[a^6]
mVec = {0, 0, 3*Sqrt[a^6], Sqrt[a^6]}
M2 = {{0, 0, 0, 0}, {0, 0, 0, 0}, {0, 0, 9*Sqrt[a^6], 3*Sqrt[a^6]}, {0, 0, 3*Sqrt[a^6], 0}}
chi0 = 1
cVec = {0, 0, -3, 3}
C2 = {{0, 0, 0, 0}, {0, 0, 0, 0}, {0, 0, 9, -9}, {0, 0, -9, 9}}
k0 = 3*H0^2
pVec = {0, 0, 0, 0}
K2 = {{0, 0, 0, 0}, {0, (4*sv^2)/a^4, 0, 0}, {0, 0, 0, 0}, {0, 0, 0, 0}}
checkA(mu reconstruction) = True
checkB(chi reconstruction) = True
checkC(k reconstruction) = True
checkD(mVec explicit) = True
checkE(cVec explicit) = True
checkF(k0=3H0^2) = True
checkG(no linear hv in K2) = True
checkH(positive hv^2 channel sample) = True
muErrVals = {3.099707445192214849717482522868016886006212961016109`40.*^-7, 3.87183937945682596136143448629508339102578855013692`40.*^-8, 4.8380538796258578263651406770102293424582832938798253830112012128815`40.*^-9}
chiErrVals = {6.072773652080879700357997978178913392665323920145262240146939468968`40.*^-11, 7.59164480581029601978245884511817080526579707274139534899664680561`40.*^-12, 9.4899796405908103205587416592653909513386692223638703989144917426`40.*^-13}
kErrVals = {1.8249561719786879445441132675662107545596968254927074228189954655796`40.*^-10, 2.286422944856124483139213812803826609457388884697050169415963480093`40.*^-11, 2.86130350416733972291886537792878742585645161805592704358937189527`40.*^-12}
muRat = {8.0057748821880822887761712654519658550192115369341648012325`30., 8.0028860277104803114292701897439943979167880959475236948713`30.}
chiRat = {7.9992858035626981043735485408146085367777983118753619717808`30., 7.9996428794631943619062899723986996860080712019573734253863`30.}
kRat = {7.981708616441151004134886289497569387124340888922423598355`30., 7.9908438287866645128866596307906278802372593548222479274771`30.}
checkNumA = True
checkNumB = True
checkNumC = True
checkNumD = True
check = True
