Notebook: 12_Full4D_Spin_Projector_Inversion.nb
checkA(P2*P2=P2) = True
checkB(P1*P1=P1) = True
checkC(P0s*P0s=P0s) = True
checkD(P0w*P0w=P0w) = True
checkE(P2*P1=0) = True
checkF(P2*P0s=0) = True
checkG(P1*P0s=0) = True
checkH(P0sw*P0ws=P0s) = True
checkI(P0ws*P0sw=P0w) = True
checkJ(completeness) = True
detS = -cm^2 + cs*cw
checkK(Op*OpInv=I) = True
checkL(OpInv*Op=I) = True
checkM(no tensor-scalar leakage) = True
detSIR = (-(cm0*i0 + ncm)^2 + (cs0*i0 + ncs)*(cw0*i0 + ncw))/i0^2
resSIR = {{(i0^2*(cw0 + ncw/i0))/(-(cm0*i0 + ncm)^2 + (cs0*i0 + ncs)*(cw0*i0 + ncw)), (i0*(cm0*i0 + ncm))/(cm0^2*i0^2 + 2*cm0*i0*ncm + ncm^2 - (cs0*i0 + ncs)*(cw0*i0 + ncw))}, {(i0*(cm0*i0 + ncm))/(cm0^2*i0^2 + 2*cm0*i0*ncm + ncm^2 - (cs0*i0 + ncs)*(cw0*i0 + ncw)), (i0^2*(cs0 + ncs/i0))/(-(cm0*i0 + ncm)^2 + (cs0*i0 + ncs)*(cw0*i0 + ncw))}}
checkN(det inverse) = True
c2Inf = c20
c1Inf = c10
ksInf = {{cs0, cm0}, {cm0, cw0}}
resTInf = c20^(-1)
resVInf = c10^(-1)
checkO = True
checkP = True
checkQ = True
c2Vals(L={10,20,40}) = {1.0003333333333333333333333333333333333333333333333333333332`30., 1.0000416666666666666666666666666666666666666666666666666666`30., 1.0000052083333333333333333333333333333333333333333333333333`30.}
c1Vals(L={10,20,40}) = {0.8997999999999999999999999999999999999999999999999999999999`30., 0.8999749999999999999999999999999999999999999999999999999999`30., 0.8999968749999999999999999999999999999999999999999999999999`30.}
detVals = {1.6703932072222222222222222222222222222222222222222222222221`30., 1.6700491646961805555555555555555555555555555555555555555555`30., 1.6700061458025444878472222222222222222222222222222222222221`30.}
ksEigVals = {{1.1589449433249236233407866637535343474614126656666982904589`30., 1.441305056675076376659213336246465652538587334333301709541`30.}, {1.158624463508342150883402803918960004219857738157987424858`30., 1.4414067864916578491165971960810399957801422618420125751417`30.}, {1.1585843717347421286462905498848500924944077950991914226556`30., 1.4414195345152578713537094501151499075055922049008085773442`30.}}
resSEigVals = {{0.6938156467076331737721609285094836602301698969266797857263`30., 0.8628537582907753629526350398814225483992378669385051266083`30.}, {0.6937666794492975049676189290455525166854495505714756034057`30., 0.8630924268351597365948581166791195186038295658506330158382`30.}, {0.6937605437242079300220393366635546284041677746967699972591`30., 0.8631222933748928405695394547531311823298436701471060391013`30.}}
resTVals = {0.9996667777407530823058980339886704431856047984005331556147`30., 0.9999583350693721094954376900962459897504270655389358776717`30., 0.9999947916937932614934297217201993739615939500315102525507`30.}
resVVals = {1.1113580795732384974438764169815514558790842409424316514781`30., 1.1111419761660046112392010889191366426845190144170671407539`30., 1.1111149691491984347167872110667050927260164097792006222243`30.}
ratioC2 = {8.`25.56860406707082, 8.`24.66554222762248}
ratioC1 = {8.`25.392566423955977, 8.`24.489457670631793}
ratioDet = {7.99775555976554851333201383600649249184`25.417748095722395, 7.99971945480923909112980416811321861098`24.514705075720716}
ratioResT = {7.9976674441852715761412862379206931023`25.568636235841016, 7.99970834548560476646806383067372192825`24.665546248849072}
ratioResV = {8.00155590131140253389642142698377417204`25.392544976785327, 8.00019444984582905080696686019056084891`24.489454989793387}
checkNumA = True
checkNumB = True
checkNumC = True
checkNumD = True
check = True
