Notebook: 13_Full_Spectrum_Dispersion_Residues.nb
poly = -mm^2 + ms*mw - 2*gm*mm*q2 + gw*ms*q2 + gs*mw*q2 - gm^2*q2^2 + gs*gw*q2^2 - (-2*km*(mm + gm*q2) + kw*(ms + gs*q2) + ks*(mw + gw*q2))*xw2 + (-km^2 + ks*kw)*xw2^2
a2 = -km^2 + ks*kw
a2Expected = -km^2 + ks*kw
checkA = True
a1 = 2*km*(mm + gm*q2) - kw*(ms + gs*q2) - ks*(mw + gw*q2)
a1Expected = 2*km*(mm + gm*q2) - kw*(ms + gs*q2) - ks*(mw + gw*q2)
checkB = True
a0 = -mm^2 + ms*mw - 2*gm*mm*q2 + q2*(gs*mw - gm^2*q2 + gw*(ms + gs*q2))
a0Expected = -mm^2 + ms*mw - 2*gm*mm*q2 + q2*(gs*mw - gm^2*q2 + gw*(ms + gs*q2))
checkC = True
xPlus = (-2*km*(mm + gm*q2) + kw*(ms + gs*q2) + ks*(mw + gw*q2) + Sqrt[(-2*km*(mm + gm*q2) + kw*(ms + gs*q2) + ks*(mw + gw*q2))^2 - 4*(-km^2 + ks*kw)*(-mm^2 + ms*mw - 2*gm*mm*q2 + q2*(gs*mw - gm^2*q2 + gw*(ms + gs*q2)))])/(2*(-km^2 + ks*kw))
xMinus = (-2*km*(mm + gm*q2) + kw*(ms + gs*q2) + ks*(mw + gw*q2) - Sqrt[(-2*km*(mm + gm*q2) + kw*(ms + gs*q2) + ks*(mw + gw*q2))^2 - 4*(-km^2 + ks*kw)*(-mm^2 + ms*mw - 2*gm*mm*q2 + q2*(gs*mw - gm^2*q2 + gw*(ms + gs*q2)))])/(2*(-km^2 + ks*kw))
checkD(sum rule) = True
checkE(product rule) = True
checkF1(dec sum) = True
checkF2(dec prod) = True
checkF = True
xTensor = (mt2 + g2*q2)/c2
xVector = (mv2 + g1*q2)/c1
cScalarUV = {-1/2*(-2*gm*km + gw*ks + gs*kw + Sqrt[gw*(4*gs*km^2 - 4*gm*km*ks + gw*ks^2) - 2*(2*gm*gs*km - 2*gm^2*ks + gs*gw*ks)*kw + gs^2*kw^2])/(km^2 - ks*kw), (2*gm*km - gw*ks - gs*kw + Sqrt[4*gs*gw*km^2 - 4*gm*gw*km*ks + gw^2*ks^2 - 4*gm*gs*km*kw + 4*gm^2*ks*kw - 2*gs*gw*ks*kw + gs^2*kw^2])/(2*km^2 - 2*ks*kw)}
checkG(channel separation) = True
checkH1(dec UV sum) = True
checkH2(dec UV product) = True
checkH(dec UV speeds) = True
ksEigVals = {{1.1700787355200423142167995522858769253385973286491511509109`40., 1.4300045978132910191165337810474564079947360046841821687963`40.}, {1.1698603853472198766522223241377997734321465167271656797716`40., 1.4301500313194467900144443425288668932345201499395008738601`40.}, {1.1698330740065260263740484917810457940649912992759538277231`40., 1.4301682280768073069592848415522875392683420340573789949396`40.}}
gsEigVals = {{0.7794213362419298066124932709965897520184109562182928281943`40., 0.9206119970914035267208400623367435813149223771150405287295`40.}, {0.7793058396936819798993850081404191315654247815366429234908`40., 0.9206983269729846867672816585262475351012418851300239292617`40.}, {0.779291386857754977620968670420405124329101239838359004825`40., 0.9207091339755783557123646629129282090042320934949719146669`40.}}
scalarRootVals = {{{0.0686094475367294702755543588651999279809091378313755120028`40., 0.0711576626284975577218706317710579516387765003807496841411`40.}, {0.6475208710683469524000482328158920978900810024166363908798`40., 0.671205996633394745085988415650856026204560395954161507311`40.}, {2.5751912528924840489861371602522304268701168122954622585346`40., 2.6734014732643065467952716809828185121410437866042446464791`40.}}, {{0.0686078339402033900900669139533345025628798783268178517296`40., 0.0711567622171668798535394388108716748976640828213621426012`40.}, {0.6475209415930954643019389697263656053267464875648431938022`40., 0.6712216264901150199305971433772442944616559968890663161743`40.}, {2.5752008965022274513579740744547008953717351409211507322277`40., 2.6734682446671170805043279064469214121761957545518571632349`40.}}, {{0.0686076321196423089042502367911403792811810356572709824515`40., 0.0711566498537227584449317416596702930339930417396363976842`40.}, {0.6475209503551321737230449702939034403027437062770230738504`40., 0.671223580758839205336295180694099278191333984652704254476`40.}, {2.5752021016371048687452849941925990062153085475427927151138`40., 2.6734765932788875493479157319193771995417811884963344405144`40.}}}
tensorRootVals = {{0.1032933433308339581771223860701491293843205865200366575022`40., 1.0029184370574023160876447554777972173623260851453803215863`40., 4.0016687494792968424560526535032908439556777472298592018661`40.}, {0.1033283334895784506734164557357582575544514233930189681572`40., 1.0032814599543764257366957282584919221274335177025717946314`40., 4.0031252148370363426142933033342708040373738320677478828787`40.}, {0.1033327083357747300466274220282993686222579859714089658504`40., 1.0033268489836628242337595035436059494559266044533680206978`40., 4.0033073178099564715241997752612945522348219993932315368559`40.}}
vectorRootVals = {{0.0989843726498811779923592936858887585356315615317510453328`40., 0.9519139367686430225912222121950485816562885419486809253075`40., 3.79501248383118250458743194055891465872514514333844719189`40.}, {0.0989519930975627178158823728443981608538570563887019583222`40., 0.951620813329674089167760053836003203091810686747395608155`40., 3.7938502141033786603406856571413533438849894546097077742648`40.}, {0.0989479464923051908535413415363678357964523379541192099785`40., 0.9515841804930749302276840196372826414372603669278987289902`40., 3.7937049604956407281414929466403319935732871301738304590287`40.}}
scalarUVFromRoots = {{0.6425432421736691848499448476148263348566317886886249574151`40., 0.667412052749595331307243937553858147430060400622676239354`40.}, {0.6425464538456284618757791812023640176734937994703437057711`40., 0.6674290792834599418332777973444639558521128727623698702677`40.}, {0.6425468552150134164858421256169486443724798198652281433594`40., 0.6674312081521367764898107808110017980600802682449143590021`40.}}
scalarUVEigs = {{0.6425432371424755509525358856430583527997953990555829932733`40., 0.6674120490092074151459215119463752521723776677873866756676`40.}, {0.6425464488176561965515056207948496514078186601576382976193`40., 0.6674290755443884859917496684711544845120241435153944975426`40.}, {0.6425468501874437786270954740023476957984425186959518825848`40., 0.6674312044132299010508580510389767999558948296738480598492`40.}}
uvErr = {5.0311936338974089619717679820568363896330419641418`31.59273867789414*^-9, 5.0279722653242735604075143662656751393127054081518`31.592458348354622*^-9, 5.0275696378587466516146009485740373011692762607746`31.592423298460364*^-9}
scalarErr = {0.0000178633164276178154621503284372828310104351931969786715`35.12407048870448, 2.2334597073429708534226020490145739148342582921698082`34.221081462952924*^-6, 2.791909831575651553852851940308442368464946542315065`33.31800409678724*^-7}
tensorErr = {0.000414896275931017245688577855536115971007248187953011747`36.31555410367444, 0.0000518733789569075966376050748414112058998156307615387019`35.41248052857525, 6.4843496705090995738297897273838774067288799653126356`34.5093925931135*^-6}
vectorErr = {0.0003349894002219699596432648266275290247095945802598726759`36.2454798076297, 0.0000418659612530365361811064675821504602317393789745555234`35.342376692747216, 5.2331246538775961050722688615888056814195594776763586`34.43928506479685*^-6}
ratioScalar = {7.9980473204367139930435257773108235167673136201094935795123`30., 7.9997558734999979428785025866125804546804818427009117319937`30.}
ratioTensor = {7.9982504373906523369157710572356910772306923269182704266604`30., 7.9997812568357238836286366051060904346739164401112464100919`30.}
ratioVector = {8.0014739945251631922510002105706464518846072857443672534218`30., 8.0001842153740887918103107976525698044685386457538355833998`30.}
checkNumA = True
checkNumB = True
checkNumC = True
checkNumD = True
checkNumE = True
check = True
