Notebook: 14_Full4D_Covariant_GaugeFixed_Coefficients.nb
q2Expr = (-2*(at*ht + av*hv + as*xs + aw*xw)*(bt*ht + bv*hv + bs*xs + bw*xw - q*(at*ht + av*hv + as*xs + aw*xw)) + i0*(B2*ht^2 + B1*hv^2 + Bs*xs^2 + 2*Bm*xs*xw + Bw*xw^2 - q*(A2*ht^2 + A1*hv^2 + As*xs^2 + 2*Am*xs*xw + Aw*xw^2)))/i0^2
c2NL = (-2*at*bt + 2*at^2*q + i0*(B2 - A2*q))/i0^2
c1NL = (-2*av*bv + 2*av^2*q + i0*(B1 - A1*q))/i0^2
csNL = (-2*as*bs + 2*as^2*q + i0*(Bs - As*q))/i0^2
cwNL = (-2*aw*bw + 2*aw^2*q + i0*(Bw - Aw*q))/i0^2
cmNL = -((aw*bs + as*bw - Bm*i0 - 2*as*aw*q + Am*i0*q)/i0^2)
checkA = True
checkB = True
checkC = True
checkD = True
checkE = True
checkF = True
checkG = True
checkH = True
checkI = True
checkJ = True
c2Tot = g2 + l2 + (-2*at*bt + 2*at^2*q + i0*(B2 - A2*q))/i0^2
c1Tot = g1 + l1 + (-2*av*bv + 2*av^2*q + i0*(B1 - A1*q))/i0^2
csTot = gs + ls + (-2*as*bs + 2*as^2*q + i0*(Bs - As*q))/i0^2
cwTot = gw + lw + (-2*aw*bw + 2*aw^2*q + i0*(Bw - Aw*q))/i0^2
cmTot = gm + lm - (aw*bs + as*bw - Bm*i0 - 2*as*aw*q + Am*i0*q)/i0^2
detSTot = (i0^2*(-Bm^2 + Bs*Bw - 2*Bm*i0*(gm + lm) + i0*(-(i0*(gm + lm)^2) + Bw*(gs + ls) + Bs*(gw + lw) + i0*(gs + ls)*(gw + lw)) + 2*Am*Bm*q - (-2*Am*i0*(gm + lm) + Aw*(Bs + i0*(gs + ls)) + As*(Bw + i0*(gw + lw)))*q + (-Am^2 + As*Aw)*q^2) + aw^2*(-bs^2 + 2*i0*q*(Bs + i0*(gs + ls) - As*q)) + 2*as*i0*(Bm*bw + bw*i0*(gm + lm) - Am*bw*q - bs*(Bw + i0*(gw + lw) - Aw*q)) + as^2*(-bw^2 + 2*i0*q*(Bw + i0*(gw + lw) - Aw*q)) + 2*aw*(as*bs*bw - 2*as*i0*q*(Bm + i0*(gm + lm) - Am*q) + i0*(Bm*bs - Bs*bw + bs*i0*(gm + lm) - bw*i0*(gs + ls) - Am*bs*q + As*bw*q)))/i0^4
checkK = True
checkL = True
checkM = True
c2Lead = B2 - A2*q
c1Lead = B1 - A1*q
csLead = Bs - As*q
cwLead = Bw - Aw*q
cmLead = Bm - Am*q
checkN = True
checkO = True
checkP = True
checkQ = True
checkR = True
c2TotInf = g2 + l2
c1TotInf = g1 + l1
ksTotInf = {{gs + ls, gm + lm}, {gm + lm, gw + lw}}
checkS = True
checkT = True
checkU = True
c2NLVals(L={10,20,40}) = {0.0004999687499999999999999999999999999999999999999999999999`30., 0.0000624995117187499999999999999999999999999999999999999999`30., 7.8124923706054687499999999999999999999999999999999999`30.*^-6}
c1NLVals(L={10,20,40}) = {0.0005099679999999999999999999999999999999999999999999999999`30., 0.0000637495`30., 7.9687421875`30.*^-6}
csNLVals(L={10,20,40}) = {0.000429962`30., 0.0000537494062499999999999999999999999999999999999999999999`30., 6.7187407226562499999999999999999999999999999999999999`30.*^-6}
cwNLVals(L={10,20,40}) = {0.0004932834133333333333333333333333333333333333333333333333`30., 0.0000616658866666666666666666666666666666666666666666666666`30., 7.7083211458333333333333333333333333333333333333333333`30.*^-6}
cmNLVals(L={10,20,40}) = {0.0002999563999999999999999999999999999999999999999999999998`30., 0.00003749931875`30., 4.6874893554687499999999999999999999999999999999999999`30.*^-6}
ratioC2NL = {7.9995624965820045469105227384588942101110169506307624717864`29.69897000433602, 7.9999453124465941861271348897801658009431649831776862033471`29.69897000433602}
ratioC1NL = {7.9995607808688695597612530294355249845096827443436484627594`29.69897000433602, 7.9999450979853901817550801520393647444752396160521303002924`29.69897000433602}
ratioCsNL = {7.9993813885153382508295149772003295385239725093186098809255`29.69897000433602, 7.999922674311832261977687323841508211384884978128169990037`29.69897000433602}
ratioCwNL = {7.9992916667162168429589866163712557229102248493319479713639`29.69897000433602, 7.9999114593194694645665858687911709265810596139310080190242`29.69897000433602}
ratioCmNL = {7.9989826481847753567523143337103957388559225864318361517715`29.69897000433602, 7.9998728330445583720179697908063999561999005392500631034737`29.69897000433602}
c2TotVals = {1.05049996875`30., 1.0500624995117187499999999999999999999999999999999999999999`30., 1.05000781249237060546875`30.}
c1TotVals = {0.860509968`30., 0.8600637494999999999999999999999999999999999999999999999999`30., 0.8600079687421874999999999999999999999999999999999999999999`30.}
detTotVals = {1.6859115842195477293333333333333333333333333333333333333332`30., 1.6849170711077892208323567708333333333333333333333333333334`30., 1.6847927588584554151448565324147542317708333333333333333333`30.}
ksEigVals = {{1.1701159019011104204952931696003022980936132235435644702925`30., 1.4408073435122229128380401637330310352397201097897688630408`30.}, {1.1699335085567338868647016749062267162919670617115149233448`30., 1.4401819067361827798019649917604399503746996049551517433217`30.}, {1.1699106979973425121848711939827317565914154128127485509193`30., 1.440103729064525977398462139350601576741917920520584782414`30.}}
ratioC2Err = {7.99956249658200454691052273845889421011`25.422479190507786, 7.99994531244659418612713488978016580094`24.51941458688118}
ratioC1Err = {7.99956078086886955976125302943552498451`25.51776454909602, 7.99994509798539018175508015203936474448`24.614704898799243}
ratioDetErr = {8.00010809540519286116005567813078895628`25.57374943908558, 8.00001352259776586471332432521606423663`24.670686630585674}
decompErr = {0, 0, 0}
checkNumA = True
checkNumB = True
checkNumC = True
checkNumD = True
check = True
